<?xml version="1.0" encoding="UTF-8"?>
<!-- Generated by org.testng.reporters.JUnitReportReporter -->
<testsuite skipped="0" hostname="DESKTOP-RIL1DGV" name="Acadamy.E2EProject.HomePage" tests="2" failures="0" timestamp="2020-11-13T22:55:14 IST" time="33.149" errors="1">
  <testcase name="basePageNavigation" time="14.059" classname="Acadamy.E2EProject.HomePage">
    <error type="org.openqa.selenium.SessionNotCreatedException" message="session not created
from chrome not reachable
  (Session info: chrome=86.0.4240.198)
Build info: version: &#039;4.0.0-alpha-7&#039;, revision: &#039;de8579b6d5&#039;
System info: host: &#039;DESKTOP-RIL1DGV&#039;, ip: &#039;192.168.0.105&#039;, os.name: &#039;Windows 10&#039;, os.arch: &#039;amd64&#039;, os.version: &#039;10.0&#039;, java.version: &#039;1.8.0_221&#039;
Driver info: driver.version: ChromeDriver
remote stacktrace: Backtrace:
	Ordinal0 [0x00D5D383+3134339]
	Ordinal0 [0x00C4A171+2007409]
	Ordinal0 [0x00AEAD90+568720]
	Ordinal0 [0x00AE1364+529252]
	Ordinal0 [0x00AE19FC+530940]
	Ordinal0 [0x00AE2C15+535573]
	Ordinal0 [0x00ADDFC5+516037]
	Ordinal0 [0x00AEBF70+573296]
	Ordinal0 [0x00A91916+203030]
	Ordinal0 [0x00A90C1D+199709]
	Ordinal0 [0x00A8EB0B+191243]
	Ordinal0 [0x00A72E77+77431]
	Ordinal0 [0x00A73E3E+81470]
	Ordinal0 [0x00A73DC9+81353]
	Ordinal0 [0x00C60CD9+2100441]
	GetHandleVerifier [0x00ECB75A+1396954]
	GetHandleVerifier [0x00ECB3D9+1396057]
	GetHandleVerifier [0x00ED7126+1444518]
	GetHandleVerifier [0x00ECBCE8+1398376]
	Ordinal0 [0x00C57F51+2064209]
	Ordinal0 [0x00C622EB+2106091]
	Ordinal0 [0x00C62411+2106385]
	Ordinal0 [0x00C749C4+2181572]
	BaseThreadInitThunk [0x7782FA29+25]
	RtlGetAppContainerNamedObjectPath [0x77D675F4+228]
	RtlGetAppContainerNamedObjectPath [0x77D675C4+180]
">
      <![CDATA[org.openqa.selenium.SessionNotCreatedException: session not created
from chrome not reachable
  (Session info: chrome=86.0.4240.198)
Build info: version: '4.0.0-alpha-7', revision: 'de8579b6d5'
System info: host: 'DESKTOP-RIL1DGV', ip: '192.168.0.105', os.name: 'Windows 10', os.arch: 'amd64', os.version: '10.0', java.version: '1.8.0_221'
Driver info: driver.version: ChromeDriver
remote stacktrace: Backtrace:
Ordinal0 [0x00D5D383+3134339]
Ordinal0 [0x00C4A171+2007409]
Ordinal0 [0x00AEAD90+568720]
Ordinal0 [0x00AE1364+529252]
Ordinal0 [0x00AE19FC+530940]
Ordinal0 [0x00AE2C15+535573]
Ordinal0 [0x00ADDFC5+516037]
Ordinal0 [0x00AEBF70+573296]
Ordinal0 [0x00A91916+203030]
Ordinal0 [0x00A90C1D+199709]
Ordinal0 [0x00A8EB0B+191243]
Ordinal0 [0x00A72E77+77431]
Ordinal0 [0x00A73E3E+81470]
Ordinal0 [0x00A73DC9+81353]
Ordinal0 [0x00C60CD9+2100441]
GetHandleVerifier [0x00ECB75A+1396954]
GetHandleVerifier [0x00ECB3D9+1396057]
GetHandleVerifier [0x00ED7126+1444518]
GetHandleVerifier [0x00ECBCE8+1398376]
Ordinal0 [0x00C57F51+2064209]
Ordinal0 [0x00C622EB+2106091]
Ordinal0 [0x00C62411+2106385]
Ordinal0 [0x00C749C4+2181572]
BaseThreadInitThunk [0x7782FA29+25]
RtlGetAppContainerNamedObjectPath [0x77D675F4+228]
RtlGetAppContainerNamedObjectPath [0x77D675C4+180]

at sun.reflect.NativeConstructorAccessorImpl.newInstance0(Native Method)
at sun.reflect.NativeConstructorAccessorImpl.newInstance(Unknown Source)
at sun.reflect.DelegatingConstructorAccessorImpl.newInstance(Unknown Source)
at java.lang.reflect.Constructor.newInstance(Unknown Source)
at org.openqa.selenium.remote.W3CHandshakeResponse.lambda$errorHandler$0(W3CHandshakeResponse.java:62)
at org.openqa.selenium.remote.HandshakeResponse.lambda$getResponseFunction$0(HandshakeResponse.java:30)
at org.openqa.selenium.remote.ProtocolHandshake.lambda$createSession$1(ProtocolHandshake.java:126)
at java.util.stream.ReferencePipeline$3$1.accept(Unknown Source)
at java.util.Spliterators$ArraySpliterator.tryAdvance(Unknown Source)
at java.util.stream.ReferencePipeline.forEachWithCancel(Unknown Source)
at java.util.stream.AbstractPipeline.copyIntoWithCancel(Unknown Source)
at java.util.stream.AbstractPipeline.copyInto(Unknown Source)
at java.util.stream.AbstractPipeline.wrapAndCopyInto(Unknown Source)
at java.util.stream.FindOps$FindOp.evaluateSequential(Unknown Source)
at java.util.stream.AbstractPipeline.evaluate(Unknown Source)
at java.util.stream.ReferencePipeline.findFirst(Unknown Source)
at org.openqa.selenium.remote.ProtocolHandshake.createSession(ProtocolHandshake.java:128)
at org.openqa.selenium.remote.ProtocolHandshake.createSession(ProtocolHandshake.java:75)
at org.openqa.selenium.remote.HttpCommandExecutor.execute(HttpCommandExecutor.java:139)
at org.openqa.selenium.remote.service.DriverCommandExecutor.execute(DriverCommandExecutor.java:123)
at org.openqa.selenium.remote.RemoteWebDriver.execute(RemoteWebDriver.java:501)
at org.openqa.selenium.remote.RemoteWebDriver.startSession(RemoteWebDriver.java:207)
at org.openqa.selenium.remote.RemoteWebDriver.<init>(RemoteWebDriver.java:127)
at org.openqa.selenium.chromium.ChromiumDriver.<init>(ChromiumDriver.java:93)
at org.openqa.selenium.chrome.ChromeDriver.<init>(ChromeDriver.java:163)
at org.openqa.selenium.chrome.ChromeDriver.<init>(ChromeDriver.java:150)
at org.openqa.selenium.chrome.ChromeDriver.<init>(ChromeDriver.java:105)
at resources.base.initializeDriver(base.java:24)
at Acadamy.E2EProject.HomePage.basePageNavigation(HomePage.java:17)
at sun.reflect.NativeMethodAccessorImpl.invoke0(Native Method)
at sun.reflect.NativeMethodAccessorImpl.invoke(Unknown Source)
at sun.reflect.DelegatingMethodAccessorImpl.invoke(Unknown Source)
at java.lang.reflect.Method.invoke(Unknown Source)
at org.testng.internal.MethodInvocationHelper.invokeMethod(MethodInvocationHelper.java:132)
at org.testng.internal.TestInvoker.invokeMethod(TestInvoker.java:599)
at org.testng.internal.TestInvoker.invokeTestMethod(TestInvoker.java:174)
at org.testng.internal.MethodRunner.runInSequence(MethodRunner.java:46)
at org.testng.internal.TestInvoker$MethodInvocationAgent.invoke(TestInvoker.java:822)
at org.testng.internal.TestInvoker.invokeTestMethods(TestInvoker.java:147)
at org.testng.internal.TestMethodWorker.invokeTestMethods(TestMethodWorker.java:146)
at org.testng.internal.TestMethodWorker.run(TestMethodWorker.java:128)
at java.util.ArrayList.forEach(Unknown Source)
at org.testng.TestRunner.privateRun(TestRunner.java:764)
at org.testng.TestRunner.run(TestRunner.java:585)
at org.testng.SuiteRunner.runTest(SuiteRunner.java:384)
at org.testng.SuiteRunner.runSequentially(SuiteRunner.java:378)
at org.testng.SuiteRunner.privateRun(SuiteRunner.java:337)
at org.testng.SuiteRunner.run(SuiteRunner.java:286)
at org.testng.SuiteRunnerWorker.runSuite(SuiteRunnerWorker.java:53)
at org.testng.SuiteRunnerWorker.run(SuiteRunnerWorker.java:96)
at org.testng.TestNG.runSuitesSequentially(TestNG.java:1218)
at org.testng.TestNG.runSuitesLocally(TestNG.java:1140)
at org.testng.TestNG.runSuites(TestNG.java:1069)
at org.testng.TestNG.run(TestNG.java:1037)
at org.testng.remote.AbstractRemoteTestNG.run(AbstractRemoteTestNG.java:115)
at org.testng.remote.RemoteTestNG.initAndRun(RemoteTestNG.java:251)
at org.testng.remote.RemoteTestNG.main(RemoteTestNG.java:77)
]]>
    </error>
  </testcase> <!-- basePageNavigation -->
  <system-out/>
  <testcase name="basePageNavigation" time="19.090" classname="Acadamy.E2EProject.HomePage"/>
  <system-out/>
</testsuite> <!-- Acadamy.E2EProject.HomePage -->
